<?xml version="1.0" encoding="UTF-8"?>
<!-- Generated by org.testng.reporters.JUnitReportReporter -->
<testsuite hostname="IN-2Z171X2" failures="0" tests="1" name="beauty.LaunchNykaa_Test" time="10.564" errors="0" timestamp="2024-05-21T15:23:41 IST" skipped="0">
  <testcase classname="beauty.LaunchNykaa_Test" name="Nykaa" time="10.564"/>
  <system-out/>
</testsuite> <!-- beauty.LaunchNykaa_Test -->
