<?xml version="1.0" encoding="UTF-8"?>
<!-- Generated by org.testng.reporters.JUnitReportReporter -->
<testsuite hostname="IN-2Z171X2" failures="0" tests="1" name="beauty.launchSugar_Test" time="10.891" errors="0" timestamp="2024-05-21T15:26:11 IST" skipped="0">
  <testcase classname="beauty.launchSugar_Test" name="Sugar" time="10.891"/>
  <system-out/>
</testsuite> <!-- beauty.launchSugar_Test -->
